<?xml version="1.0" encoding="UTF-8"?>
<testng-results ignored="0" total="1" passed="1" failed="0" skipped="0">
  <reporter-output>
  </reporter-output>
  <suite started-at="2023-09-28T12:34:03 IST" name="MakeMyTripTest" finished-at="2023-09-28T12:34:15 IST" duration-ms="11552">
    <groups>
    </groups>
    <test started-at="2023-09-28T12:34:03 IST" name="Test" finished-at="2023-09-28T12:34:15 IST" duration-ms="11552">
      <class name="mmt.ui.tests.MakeMyTripTest">
        <test-method is-config="true" signature="setup(org.testng.ITestContext)[pri:0, instance:mmt.ui.tests.MakeMyTripTest@302552ec]" started-at="2023-09-28T12:34:03 IST" name="setup" finished-at="2023-09-28T12:34:10 IST" duration-ms="7009" status="PASS">
          <params>
            <param index="0">
              <value>
                <![CDATA[org.testng.TestRunner@36e43829]]>
              </value>
            </param>
          </params>
          <reporter-output>
          </reporter-output>
        </test-method> <!-- setup -->
        <test-method signature="flightSearchTest()[pri:0, instance:mmt.ui.tests.MakeMyTripTest@302552ec]" started-at="2023-09-28T12:34:10 IST" name="flightSearchTest" finished-at="2023-09-28T12:34:15 IST" duration-ms="4149" status="PASS">
          <reporter-output>
          </reporter-output>
        </test-method> <!-- flightSearchTest -->
        <test-method is-config="true" signature="teardown(org.testng.ITestResult)[pri:0, instance:mmt.ui.tests.MakeMyTripTest@302552ec]" started-at="2023-09-28T12:34:15 IST" name="teardown" finished-at="2023-09-28T12:34:15 IST" duration-ms="149" status="PASS">
          <params>
            <param index="0">
              <value>
                <![CDATA[[TestResult name=flightSearchTest status=SUCCESS method=MakeMyTripTest.flightSearchTest()[pri:0, instance:mmt.ui.tests.MakeMyTripTest@302552ec] output={null}]]]>
              </value>
            </param>
          </params>
          <reporter-output>
          </reporter-output>
        </test-method> <!-- teardown -->
      </class> <!-- mmt.ui.tests.MakeMyTripTest -->
    </test> <!-- Test -->
  </suite> <!-- MakeMyTripTest -->
</testng-results>
